<?xml version="1.0" encoding="UTF-8"?>
<!-- Generated by org.testng.reporters.JUnitReportReporter -->
<testsuite hostname="LAPTOP-VV3SO45S" name="com.Ranford.com.PageLibary.com.TestExecution" tests="3" failures="0" timestamp="14 Jun 2018 12:02:48 GMT" time="25.189" errors="0">
  <testcase name="excelcontent" time="18.105" classname="com.Ranford.com.PageLibary.com.TestExecution"/>
  <testcase name="verify_login" time="3.803" classname="com.Ranford.com.PageLibary.com.TestExecution"/>
  <testcase name="verify_login" time="3.281" classname="com.Ranford.com.PageLibary.com.TestExecution"/>
</testsuite> <!-- com.Ranford.com.PageLibary.com.TestExecution -->
